
[0m[2m[35m$[0m [2m[1mnext build[0m
 [33m[1m⚠[22m[39m Warning: Next.js inferred your workspace root, but it may not be correct.
 We detected multiple lockfiles and selected the directory of /Users/uddeshyasingh/WebDev/Company/PrimeTrade-Backend/bun.lock as the root directory.
 To silence this warning, set `turbopack.root` in your Next.js config, or consider removing one of the lockfiles if it's not needed.
   See https://nextjs.org/docs/app/api-reference/config/next-config-js/turbopack#root-directory for more information.
 Detected additional lockfiles: 
   * /Users/uddeshyasingh/WebDev/Company/PrimeTrade-Backend/client/bun.lock

   [1m[38;2;173;127;168m▲ Next.js 16.0.10[39m[22m (Turbopack)
   - Experiments (use with caution):
     [1m✓[22m viewTransition

 [33m[1m⚠[22m[39m The "middleware" file convention is deprecated. Please use "proxy" instead. Learn more: https://nextjs.org/docs/messages/middleware-to-proxy
 [37m[1m [22m[39m Creating an optimized production build ...
 [32m[1m✓[22m[39m Compiled successfully in 2.4s
[?25l [37m[1m [22m[39m Running TypeScript  [36m.[39m[2K[1G [37m[1m [22m[39m Running TypeScript  [36m..[39m[2K[1G [37m[1m [22m[39m Running TypeScript  [36m...[39m[2K[1G [37m[1m [22m[39m Running TypeScript  [36m.[39m[2K[1G [37m[1m [22m[39m Running TypeScript  [36m..[39m[2K[1G [37m[1m [22m[39m Running TypeScript  [36m...[39m[2K[1G [37m[1m [22m[39m Running TypeScript  [36m.[39m[2K[1G [37m[1m [22m[39m Running TypeScript  [36m..[39m[2K[1G [37m[1m [22m[39m Running TypeScript  [36m...[39m[2K[1G[?25h[?25l [37m[1m [22m[39m Finished TypeScript in 1634.7ms  [36m.[39m[2K[1G[?25h [37m[1m [22m[39m Finished TypeScript in 1634.7ms     [32m[1m✓[22m[39m Finished TypeScript in 1634.7ms 
[?25l [37m[1m [22m[39m Collecting page data using 7 workers  [36m.[39m[2K[1G[?25h [37m[1m [22m[39m Collecting page data using 7 workers in 191.5ms     [32m[1m✓[22m[39m Collecting page data using 7 workers in 191.5ms 
[?25l [37m[1m [22m[39m Generating static pages using 7 workers (0/6)  [36m[    ][39m[2K[1G [37m[1m [22m[39m Generating static pages using 7 workers (0/6)  [36m[=   ][39m[2K[1G[?25h [32m[1m✓[22m[39m Generating static pages using 7 workers (6/6) in 263.6ms
[?25l [37m[1m [22m[39m Finalizing page optimization  [36m.[39m[2K[1G[?25h [37m[1m [22m[39m Finalizing page optimization in 5.8ms     [32m[1m✓[22m[39m Finalizing page optimization in 5.8ms 

[4mRoute (app)[24m
┌ ○ /
├ ○ /_not-found
├ ○ /dashboard
└ ○ /signup


ƒ Proxy (Middleware)

○  (Static)  prerendered as static content

[?25h
